Already up-to-date.
INFO  Start processing
INFO  Files loaded in 913 ms
INFO  0 files generated in 1.68 s
INFO  Deploying: git
INFO  Clearing .deploy_git folder...
INFO  Copying files from public folder...
# On branch master
nothing to commit (working directory clean)
Branch master set up to track remote branch master from git@github.com:learso/learso.github.io.
INFO  Deploy done: git
INFO  Deploying: git
INFO  Clearing .deploy_git folder...
INFO  Copying files from public folder...
# On branch master
nothing to commit (working directory clean)
Branch master set up to track remote branch coding-pages from git@git.coding.net:learso/learso.git.
INFO  Deploy done: git
Merge made by recursive.
 source/_posts/auto-publish-on-vps.md |    2 +-
 1 files changed, 1 insertions(+), 1 deletions(-)
INFO  Start processing
INFO  Files loaded in 1.07 s
INFO  Generated: atom.xml
INFO  Generated: 2016/07/09/auto-publish-on-vps/index.html
INFO  Generated: index.html
INFO  3 files generated in 1.51 s
INFO  Deploying: git
INFO  Clearing .deploy_git folder...
INFO  Copying files from public folder...
[master 8eb4ec5] Site updated: 2016-07-10 16:26:22
 3 files changed, 6 insertions(+), 6 deletions(-)
Branch master set up to track remote branch master from git@github.com:learso/learso.github.io.
INFO  Deploy done: git
INFO  Deploying: git
INFO  Clearing .deploy_git folder...
INFO  Copying files from public folder...
# On branch master
nothing to commit (working directory clean)
Branch master set up to track remote branch coding-pages from git@git.coding.net:learso/learso.git.
INFO  Deploy done: git
Auto-merging _config.yml
CONFLICT (content): Merge conflict in _config.yml
Automatic merge failed; fix conflicts and then commit the result.
